C51 COMPILER V9.00   UTILS                                                                 03/29/2021 23:10:01 PAGE 1   


C51 COMPILER V9.00, COMPILATION OF MODULE UTILS
OBJECT MODULE PLACED IN .\output\utils.obj
COMPILER INVOKED BY: C:\Keil\C51\BIN\C51.EXE src\utils.c BROWSE DEBUG OBJECTEXTEND PRINT(.\utils.lst) OBJECT(.\output\ut
                    -ils.obj)

line level    source

   1          #include"include/utils.h"
   2          #define uchar unsigned char;
   3          void sleep(unsigned int xms){
   4   1              unsigned int i,j;
   5   1              for(i=0;i<xms;i++){
   6   2                      for(j=0;j<110;j++){
   7   3                              ;
   8   3                      }
   9   2              }
  10   1      }
  11          void resetT0(){
  12   1              //T0
  13   1              TH0=0X00;
  14   1              TL0=0X00;
  15   1      }
  16          void processInput(unsigned char a){
  17   1      unsigned char code table[]="Got it";   
  18   1      unsigned char code reset[]="RESET";
  19   1      int i;
  20   1                              if (a=='r'){                            
  21   2                                      for(i=0;i<5;i++){
  22   3                                              SBUF=reset[i];
  23   3                                              while(!TI);
  24   3                                              TI=0;
  25   3                                              
  26   3                                      }
  27   2                                      resetT0();
  28   2                                      
  29   2                              }  else if (a=='d'){
  30   2                                      output_int(TH0);
  31   2                                      output_int(TL0);        
  32   2      
  33   2                                      
  34   2                              }else {
  35   2                                      for(i=0;i<6;i++){
  36   3                                              SBUF=table[i];
  37   3                                              while(!TI);
  38   3                                              TI=0;
  39   3                                      }                       
  40   2                              }
  41   1      }
  42          void output_int(unsigned int num){
  43   1                                              
  44   1                                      SBUF=num;
  45   1                                      while(!TI);
  46   1                                      TI=0;
  47   1      
  48   1      }
  49          uchar displayNum(int num){
  50   1              // 一位一位变
  51   1              int i;
  52   1              for(i=1;;i*=10){
  53   2                      if(num/i==0){
  54   3                              break;
C51 COMPILER V9.00   UTILS                                                                 03/29/2021 23:10:01 PAGE 2   

  55   3                      }
  56   2              }
  57   1              return 'z';     
  58   1      }
*** WARNING C316 IN LINE 58 OF src\utils.c: unterminated conditionals


MODULE INFORMATION:   STATIC OVERLAYABLE
   CODE SIZE        =    194    ----
   CONSTANT SIZE    =     13    ----
   XDATA SIZE       =   ----    ----
   PDATA SIZE       =   ----    ----
   DATA SIZE        =   ----       2
   IDATA SIZE       =   ----    ----
   BIT SIZE         =   ----    ----
END OF MODULE INFORMATION.


C51 COMPILATION COMPLETE.  1 WARNING(S),  0 ERROR(S)
